2024-03-20T11:05:53.667+0700	INFO	logger/logger.go:59	Querying SELECT isbn,name,author,publish_year from Book
2024-03-20T11:05:53.668+0700	INFO	logger/logger.go:59	Query successfully
2024-03-20T11:06:09.069+0700	INFO	logger/logger.go:59	Querying SELECT isbn,name,author,publish_year from Book
2024-03-20T11:06:09.069+0700	INFO	logger/logger.go:59	Query successfully
2024-03-20T11:06:32.967+0700	INFO	logger/logger.go:59	Querying SELECT isbn,name,author,publish_year from Book where "isbn"=$1
2024-03-20T11:06:32.967+0700	INFO	logger/logger.go:59	Query successfully
2024-03-20T11:09:53.034+0700	INFO	logger/logger.go:59	Querying SELECT isbn,name,author,publish_year from Book where "publish_year"<=$2 and "publish_year">=$1
2024-03-20T11:09:53.035+0700	INFO	logger/logger.go:59	Querying SELECT isbn,name,author,publish_year from Book where "publish_year"<=$2 and "publish_year">=$1
2024-03-20T11:09:53.035+0700	INFO	logger/logger.go:59	Query successfully
2024-03-20T11:09:53.035+0700	INFO	logger/logger.go:59	Query successfully
2024-03-20T11:10:12.364+0700	INFO	logger/logger.go:59	Querying SELECT isbn,name,author,publish_year from Book where "publish_year"<=$2 and "publish_year">=$1
2024-03-20T11:10:12.364+0700	INFO	logger/logger.go:59	Query successfully
2024-03-20T11:10:12.364+0700	ERROR	logger/logger.go:64	Error 	{"error": "all expectations were already fulfilled, call to Query 'SELECT isbn,name,author,publish_year from Book where \"publish_year\"<=$2 and \"publish_year\">=$1' with args [{Name: Ordinal:1 Value:1999} {Name: Ordinal:2 Value:2023}] was not expected"}
2024-03-20T11:27:31.250+0700	INFO	logger/logger.go:59	Querying SELECT isbn,name,author,publish_year from Book
2024-03-20T11:27:31.250+0700	INFO	logger/logger.go:59	Query successfully
2024-03-20T11:27:31.250+0700	INFO	logger/logger.go:59	Querying SELECT id,name,birth_date from Author WHERE id=$1
2024-03-20T11:27:31.250+0700	INFO	logger/logger.go:59	Query successfully
2024-03-20T11:27:31.250+0700	INFO	logger/logger.go:59	Querying SELECT id,name,birth_date from Author WHERE id=$1
2024-03-20T11:27:31.250+0700	INFO	logger/logger.go:59	Query successfully
2024-03-20T11:27:31.250+0700	INFO	logger/logger.go:59	Querying SELECT id,name,birth_date from Author WHERE id=$1
2024-03-20T11:27:31.250+0700	INFO	logger/logger.go:59	Query successfully
2024-03-20T11:27:31.250+0700	INFO	logger/logger.go:59	Querying SELECT isbn,name,id_author,publish_year from Book where isbn=$1
2024-03-20T11:27:31.250+0700	INFO	logger/logger.go:59	Query successfully
2024-03-20T11:27:31.250+0700	INFO	logger/logger.go:59	Querying SELECT id,name,birth_date from Author WHERE id=$1
2024-03-20T11:27:31.250+0700	INFO	logger/logger.go:59	Query successfully
2024-03-20T11:27:31.250+0700	INFO	logger/logger.go:59	Querying SELECT id,name,birth_date from Author WHERE "name"=$1
2024-03-20T11:27:31.250+0700	INFO	logger/logger.go:59	Query successfully
2024-03-20T11:27:31.250+0700	INFO	logger/logger.go:59	Querying SELECT isbn,name,id_author,publish_year from Book where "id_author"=$1
2024-03-20T11:27:31.250+0700	INFO	logger/logger.go:59	Query successfully
2024-03-20T11:27:31.251+0700	INFO	logger/logger.go:59	Querying SELECT isbn,name,id_author,publish_year from Book where "publish_year"<=$2 and "publish_year">=$1
2024-03-20T11:27:31.251+0700	INFO	logger/logger.go:59	Query successfully
2024-03-20T11:27:31.251+0700	INFO	logger/logger.go:59	Querying SELECT id,name,birth_date from Author WHERE id=$1
2024-03-20T11:27:31.251+0700	INFO	logger/logger.go:59	Query successfully
2024-03-20T11:27:31.251+0700	INFO	logger/logger.go:59	Querying SELECT id,name,birth_date from Author WHERE id=$1
2024-03-20T11:27:31.251+0700	INFO	logger/logger.go:59	Query successfully
2024-03-20T11:27:31.251+0700	INFO	logger/logger.go:59	update successfully book
2024-03-20T11:27:31.251+0700	INFO	logger/logger.go:59	Insert successfully author
2024-03-20T11:27:31.251+0700	INFO	logger/logger.go:59	Querying SELECT id,name,birth_date from Author WHERE "name"=$1
2024-03-20T11:27:31.251+0700	INFO	logger/logger.go:59	Query successfully
2024-03-20T11:27:31.251+0700	INFO	logger/logger.go:59	Insert successfully books
2024-03-20T11:27:31.251+0700	INFO	logger/logger.go:59	Querying SELECT id,name,birth_date from Author WHERE "name"=$1
2024-03-20T11:27:31.251+0700	INFO	logger/logger.go:59	Query successfully
2024-03-20T11:27:31.251+0700	ERROR	logger/logger.go:64	Error 	{"error": "sql: Scan error on column index 0, name \"id\": converting NULL to int is unsupported"}
2024-03-20T11:27:31.251+0700	INFO	logger/logger.go:59	Insert successfully author
2024-03-20T11:27:31.251+0700	INFO	logger/logger.go:59	Insert successfully author
2024-03-20T11:27:31.251+0700	INFO	logger/logger.go:59	Querying SELECT id,name,birth_date from Author WHERE "name"=$1
2024-03-20T11:27:31.251+0700	INFO	logger/logger.go:59	Query successfully
2024-03-20T11:27:31.251+0700	INFO	logger/logger.go:59	Insert successfully books
